<?xml version="1.0" encoding="UTF-8"?>
<!-- Generated by org.testng.reporters.JUnitReportReporter -->
<testsuite skipped="0" hostname="Nagarjuna-Y" name="demoSikuli.Demosikuli" tests="1" failures="0" timestamp="28 Nov 2019 06:22:29 GMT" time="43.722" errors="0">
  <testcase name="VerifySikuli" time="43.722" classname="demoSikuli.Demosikuli"/>
</testsuite> <!-- demoSikuli.Demosikuli -->
