<?xml version="1.0" encoding="UTF-8"?>
<!-- Generated by org.testng.reporters.JUnitReportReporter -->
<testsuite skipped="0" hostname="Nagarjuna-Y" name="com.test.automation.demo.loginpage" tests="1" failures="0" timestamp="22 Jan 2020 11:25:30 GMT" time="29.312" errors="0">
  <testcase name="logintoapp" time="29.312" classname="com.test.automation.demo.loginpage"/>
</testsuite> <!-- com.test.automation.demo.loginpage -->
